i=1
norm_R = 3.3217977548609547
lambda_N = [0.6863 0.6863 0.    ]
lambda_g = [0.     0.3137 0.3137 0.    ]
nu = 1
norm_R = 0.7474044947392441
lambda_N = [8.54882069e-01 8.54882069e-01 8.93540223e-22]
lambda_g = [6.69456308e-23 1.45117931e-01 1.45117931e-01 2.23152103e-23]
nu = 2
norm_R = 4.5640741823105456e-08
lambda_N = [8.54792571e-01 8.54792571e-01 1.62641180e-24]
lambda_g = [1.22048405e-25 1.45207429e-01 1.45207429e-01 5.39256048e-26]
nu = 3
norm_R = 1.7763568394002505e-15
lambda_N = [ 8.54792571e-01  8.54792571e-01 -7.82663634e-24]
lambda_g = [-5.87479619e-25  1.45207429e-01  1.45207429e-01 -2.59553644e-25]
i=2
norm_R = 3.3217977548609547
lambda_N = [ 8.54792571e-01  8.54792571e-01 -7.82663634e-24]
lambda_g = [-5.87479619e-25  1.45207429e-01  1.45207429e-01 -2.59553644e-25]
nu = 1
norm_R = 0.00048595254165388683
lambda_N = [ 8.54792519e-01  8.54792519e-01 -1.26390854e-22]
lambda_g = [-9.50366953e-24  1.45207481e-01  1.45207481e-01 -4.19908611e-24]
nu = 2
norm_R = 2.2939504551019866e-11
lambda_N = [8.54792571e-01 8.54792571e-01 7.61122289e-24]
lambda_g = [5.71315392e-25 1.45207429e-01 1.45207429e-01 2.52412236e-25]
i=3
norm_R = 2.2939504551033844e-11
lambda_N = [8.54792571e-01 8.54792571e-01 7.61122289e-24]
lambda_g = [5.71315392e-25 1.45207429e-01 1.45207429e-01 2.52412236e-25]
i=4
norm_R = 2.2939504551047825e-11
lambda_N = [8.54792571e-01 8.54792571e-01 7.61122289e-24]
lambda_g = [5.71315392e-25 1.45207429e-01 1.45207429e-01 2.52412236e-25]
done
