i=1
norm_R = 3.3217977548609547
lambda_N = [0.6863 0.6863 0.    ]
lambda_g = [0.     0.3137 0.3137 0.    ]
nu = 1
norm_R = 0.7474044947392445
lambda_N = [5.90197854e-01 5.90197854e-01 8.18582787e-22]
lambda_g = [6.03903686e-22 4.09802146e-01 4.09802146e-01 2.01301229e-22]
nu = 2
norm_R = 4.39799308082911e-10
lambda_N = [5.90198208e-01 5.90198208e-01 4.78829457e-23]
lambda_g = [3.53254806e-23 4.09801792e-01 4.09801792e-01 1.99332558e-23]
i=2
norm_R = 3.3217977548609547
lambda_N = [5.90198208e-01 5.90198208e-01 4.78829457e-23]
lambda_g = [3.53254806e-23 4.09801792e-01 4.09801792e-01 1.99332558e-23]
nu = 1
norm_R = 1.424065091276785e-05
lambda_N = [5.90198208e-01 5.90198208e-01 2.65545550e-23]
lambda_g = [1.95904560e-23 4.09801792e-01 4.09801792e-01 1.10543809e-23]
nu = 2
norm_R = 2.220446049250313e-16
lambda_N = [ 5.90198208e-01  5.90198208e-01 -1.10990056e-23]
lambda_g = [-8.18825184e-24  4.09801792e-01  4.09801792e-01 -4.62041932e-24]
i=3
norm_R = 8.242519077585553e-16
lambda_N = [ 5.90198208e-01  5.90198208e-01 -1.10990056e-23]
lambda_g = [-8.18825184e-24  4.09801792e-01  4.09801792e-01 -4.62041932e-24]
i=4
norm_R = 1.6484684767949789e-15
lambda_N = [ 5.90198208e-01  5.90198208e-01 -1.10990056e-23]
lambda_g = [-8.18825184e-24  4.09801792e-01  4.09801792e-01 -4.62041932e-24]
done
