i=1
norm_R = 3.3217977548609547
lambda_N = [0.6863 0.6863 0.    ]
lambda_g = [0.     0.3137 0.3137 0.    ]
nu = 1
norm_R = 0.7474044947392441
lambda_N = [5.69120011e-01 5.69120011e-01 7.99545978e-22]
lambda_g = [7.56071742e-22 4.30879989e-01 4.30879989e-01 2.52023914e-22]
nu = 2
norm_R = 2.83852941151963e-10
lambda_N = [ 5.69119842e-01  5.69119842e-01 -4.68762014e-23]
lambda_g = [-4.43272914e-23  4.30880158e-01  4.30880158e-01 -2.60176925e-23]
i=2
norm_R = 3.3217977548609547
lambda_N = [ 5.69119842e-01  5.69119842e-01 -4.68762014e-23]
lambda_g = [-4.43272914e-23  4.30880158e-01  4.30880158e-01 -2.60176925e-23]
nu = 1
norm_R = 7.133719631206383e-06
lambda_N = [ 5.69119842e-01  5.69119842e-01 -3.20026345e-22]
lambda_g = [-3.02624350e-22  4.30880158e-01  4.30880158e-01 -1.77623875e-22]
nu = 2
norm_R = 1.3322676295501878e-15
lambda_N = [5.69119842e-01 5.69119842e-01 1.08393687e-27]
lambda_g = [1.02499465e-27 4.30880158e-01 4.30880158e-01 6.01581387e-28]
i=3
norm_R = 1.7763568394002505e-15
lambda_N = [5.69119842e-01 5.69119842e-01 1.08393687e-27]
lambda_g = [1.02499465e-27 4.30880158e-01 4.30880158e-01 6.01581387e-28]
i=4
norm_R = 3.552713678800501e-15
lambda_N = [5.69119842e-01 5.69119842e-01 1.08393687e-27]
lambda_g = [1.02499465e-27 4.30880158e-01 4.30880158e-01 6.01581387e-28]
done
