i=1
norm_R = 3.3217977548609547
lambda_N = [0.6863 0.6863 0.    ]
lambda_g = [0.     0.3137 0.3137 0.    ]
nu = 1
norm_R = 0.7474044947392443
lambda_N = [5.48390392e-01 5.48390392e-01 8.15057834e-22]
lambda_g = [9.61943148e-22 4.51609608e-01 4.51609608e-01 3.36820342e-22]
nu = 2
norm_R = 5.531903823907669e-10
lambda_N = [5.48388270e-01 5.48388270e-01 3.47295668e-22]
lambda_g = [4.29749677e-22 4.51611730e-01 4.51611730e-01 2.57849806e-22]
i=2
norm_R = 3.3217977548609547
lambda_N = [5.48388270e-01 5.48388270e-01 3.47295668e-22]
lambda_g = [4.29749677e-22 4.51611730e-01 4.51611730e-01 2.57849806e-22]
nu = 1
norm_R = 9.935243243985822e-05
lambda_N = [ 5.48388270e-01  5.48388270e-01 -1.72249504e-21]
lambda_g = [-2.13139805e-21  4.51611730e-01  4.51611730e-01 -1.27883883e-21]
nu = 2
norm_R = 1.5543122344752192e-15
lambda_N = [5.48388270e-01 5.48388270e-01 4.10957504e-27]
lambda_g = [5.08551160e-27 4.51611730e-01 4.51611730e-01 3.05132222e-27]
i=3
norm_R = 1.7763568394002505e-15
lambda_N = [5.48388270e-01 5.48388270e-01 4.10957504e-27]
lambda_g = [5.08551160e-27 4.51611730e-01 4.51611730e-01 3.05132222e-27]
i=4
norm_R = 2.4424906541753444e-15
lambda_N = [5.48388270e-01 5.48388270e-01 4.10957504e-27]
lambda_g = [5.08551160e-27 4.51611730e-01 4.51611730e-01 3.05132222e-27]
done
