i=1
norm_R = 3.3217977548609547
lambda_N = [0.6863 0.6863 0.    ]
lambda_g = [0.     0.3137 0.3137 0.    ]
nu = 1
norm_R = 0.7474044947392442
lambda_N = [1.12871151e+00 1.12871151e+00 8.98299425e-22]
lambda_g = [-3.40598734e-23 -1.28711511e-01 -1.28711511e-01 -1.13532911e-23]
nu = 2
norm_R = 6.073244095067814e-10
lambda_N = [1.12868068e+00 1.12868068e+00 9.34741039e-25]
lambda_g = [-3.54321219e-26 -1.28680676e-01 -1.28680676e-01 -1.47309062e-26]
i=2
norm_R = 3.3217977548609547
lambda_N = [1.12868068e+00 1.12868068e+00 9.34741039e-25]
lambda_g = [-3.54321219e-26 -1.28680676e-01 -1.28680676e-01 -1.47309062e-26]
nu = 1
norm_R = 3.515078855490086e-05
lambda_N = [1.12868067e+00 1.12868067e+00 1.20090660e-21]
lambda_g = [-4.55085250e-23 -1.28680674e-01 -1.28680674e-01 -1.89203098e-23]
nu = 2
norm_R = 6.12827689728994e-14
lambda_N = [ 1.12868068e+00  1.12868068e+00 -1.15755595e-23]
lambda_g = [ 4.38777302e-25 -1.28680676e-01 -1.28680676e-01  1.82421950e-25]
i=3
norm_R = 6.128276897290068e-14
lambda_N = [ 1.12868068e+00  1.12868068e+00 -1.15755595e-23]
lambda_g = [ 4.38777302e-25 -1.28680676e-01 -1.28680676e-01  1.82421950e-25]
i=4
norm_R = 6.1282768972902e-14
lambda_N = [ 1.12868068e+00  1.12868068e+00 -1.15755595e-23]
lambda_g = [ 4.38777302e-25 -1.28680676e-01 -1.28680676e-01  1.82421950e-25]
done
