i=1
norm_R = 3.3217977548609547
lambda_N = [0.6863 0.6863 0.    ]
lambda_g = [0.     0.3137 0.3137 0.    ]
nu = 1
norm_R = 0.7474044947392442
lambda_N = [6.86395676e-01 6.86395676e-01 8.94730023e-22]
lambda_g = [2.68510237e-22 3.13604324e-01 3.13604324e-01 8.95034124e-23]
nu = 2
norm_R = 4.822688541222878e-09
lambda_N = [6.86395694e-01 6.86395694e-01 1.71910242e-23]
lambda_g = [5.15768153e-24 3.13604306e-01 3.13604306e-01 2.52766474e-24]
i=2
norm_R = 3.3217977548609547
lambda_N = [6.86395694e-01 6.86395694e-01 1.71910242e-23]
lambda_g = [5.15768153e-24 3.13604306e-01 3.13604306e-01 2.52766474e-24]
nu = 1
norm_R = 0.0002945534524043131
lambda_N = [6.86395691e-01 6.86395691e-01 3.94875167e-22]
lambda_g = [1.18441125e-22 3.13604309e-01 3.13604309e-01 5.80435040e-23]
nu = 2
norm_R = 6.537009852120385e-13
lambda_N = [6.86395694e-01 6.86395694e-01 1.64190321e-23]
lambda_g = [4.92607033e-24 3.13604306e-01 3.13604306e-01 2.41415619e-24]
i=3
norm_R = 6.537009852120347e-13
lambda_N = [6.86395694e-01 6.86395694e-01 1.64190321e-23]
lambda_g = [4.92607033e-24 3.13604306e-01 3.13604306e-01 2.41415619e-24]
i=4
norm_R = 6.537009852120311e-13
lambda_N = [6.86395694e-01 6.86395694e-01 1.64190321e-23]
lambda_g = [4.92607033e-24 3.13604306e-01 3.13604306e-01 2.41415619e-24]
done
